C51 COMPILER V9.60.0.0   PORT                                                              12/23/2022 16:02:30 PAGE 1   


C51 COMPILER V9.60.0.0, COMPILATION OF MODULE PORT
OBJECT MODULE PLACED IN .\Objects\port.obj
COMPILER INVOKED BY: C:\Keil_v5\C51\BIN\C51.EXE port.c OPTIMIZE(8,SPEED) BROWSE DEBUG OBJECTEXTEND PRINT(.\Listings\port
                    -.lst) TABS(2) OBJECT(.\Objects\port.obj)

line level    source

   1          #include <stdio.h>
   2          #include <reg52.h>
   3           
   4          unsigned int i=0,j=0;
   5          main() {
   6   1        P0=0x00; 
   7   1        while(1){
   8   2          P0=0xF2;
   9   2          for(i=0;i<1275;i++){
  10   3            for(j=0;j<=1000;j++){}
  11   3            }
  12   2          P0=0x00;
  13   2          for(i=0;i<1275;i++){
  14   3            for(j=0;j<=1000;j++){}
  15   3            }
  16   2          }
  17   1        }


MODULE INFORMATION:   STATIC OVERLAYABLE
   CODE SIZE        =     97    ----
   CONSTANT SIZE    =   ----    ----
   XDATA SIZE       =   ----    ----
   PDATA SIZE       =   ----    ----
   DATA SIZE        =      4    ----
   IDATA SIZE       =   ----    ----
   BIT SIZE         =   ----    ----
END OF MODULE INFORMATION.


C51 COMPILATION COMPLETE.  0 WARNING(S),  0 ERROR(S)
