C51 COMPILER V9.60.0.0   SWITCH                                                            12/23/2022 17:04:20 PAGE 1   


C51 COMPILER V9.60.0.0, COMPILATION OF MODULE SWITCH
OBJECT MODULE PLACED IN .\Objects\switch.obj
COMPILER INVOKED BY: C:\Keil_v5\C51\BIN\C51.EXE switch.c OPTIMIZE(8,SPEED) BROWSE DEBUG OBJECTEXTEND PRINT(.\Listings\sw
                    -itch.lst) TABS(2) OBJECT(.\Objects\switch.obj)

line level    source

   1          #include<reg51.h>
   2          sbit led1=P1^0;
   3          sbit led2=P1^1;
   4          sbit led3=P1^2;
   5          sbit led4=P1^3;
   6          
   7          sbit sw1=P2^0;
   8          sbit sw2=P2^1;
   9          sbit sw3=P2^2;
  10          sbit sw4=P2^3;
  11          unsigned int i=0,j=0;
  12          void main()
  13          {
  14   1        
  15   1        P1=0x00;
  16   1        P2=0xff;
  17   1        while(1){
  18   2        if(sw1==0)
  19   2        {
  20   3          while(sw1==0){
  21   4            led1=1;
  22   4            for(i=0;i<1275;i++){
  23   5              for(j=0;j<500;j++){}
  24   5              }
  25   4            led1=0;
  26   4            for(i=0;i<1275;i++){
  27   5              for(j=0;j<500;j++){}
  28   5              }
  29   4          }
  30   3        }
  31   2        
  32   2        if(sw2==0)
  33   2        {
  34   3          led2=1;
  35   3          while(sw2==0);
  36   3        }
  37   2        if(sw3==0)
  38   2        {
  39   3          led3=1;
  40   3          while(sw3==0);
  41   3        }
  42   2        if(sw4==0)
  43   2        {
  44   3          led4=1;
  45   3          while(sw4==0);
  46   3        }
  47   2        led1=led2=led3=led4=0;
  48   2      }
  49   1      }


MODULE INFORMATION:   STATIC OVERLAYABLE
   CODE SIZE        =    140    ----
   CONSTANT SIZE    =   ----    ----
C51 COMPILER V9.60.0.0   SWITCH                                                            12/23/2022 17:04:20 PAGE 2   

   XDATA SIZE       =   ----    ----
   PDATA SIZE       =   ----    ----
   DATA SIZE        =      4    ----
   IDATA SIZE       =   ----    ----
   BIT SIZE         =   ----    ----
END OF MODULE INFORMATION.


C51 COMPILATION COMPLETE.  0 WARNING(S),  0 ERROR(S)
